VALLEY GIRL
TYPHOON
TSUNAM
TORNADOE
TIGER
TERMINATOR
TEAM BUBBLICIOU
TANGERINE
SURF MONKEY
SUNSHINE SHOOTER
SUGER BEE
STONE CRUSHER
STAR
SPRINTER
SPEED DEMON
SPACE BABE
SOCCER SISTER
SOCCER ANGEL
SMURF-
SLAMME
SILVER STRIK
SILVER JET
SHOCKWAV
SERPENT
SCORCHER
MUTIN
MOHAWK
MIGHTY SON
MIGHTY GRASSHOPPER
MIDNIGHT MADNES
MEAN GREEN ALIEN
MANTI
FUSIO
FORTY-NINER
FLAME
FLAMING TIGER
FIREBALL
FIRE ANGEL
FARIA FARM
ATOMIC IC
ANTEATER
AMERICAN EAGLE
ALIEN PANTHERS ALIENS
Cei 4 fantastic
TN
Elixir Junio
Pic si Po
Flavius*
Clanu Nicul
4Tea
Shooting Star
Wonder Wome
Gangs of New Por
Honey Badger
Son of Pitc
The Waiver Wir
